GROUP,PACKAGE,CLASS,INSTRUCTION_MISSED,INSTRUCTION_COVERED,BRANCH_MISSED,BRANCH_COVERED,LINE_MISSED,LINE_COVERED,COMPLEXITY_MISSED,COMPLEXITY_COVERED,METHOD_MISSED,METHOD_COVERED
Civil-aviation-recommended-subject,io,HeaderStorage,0,151,1,13,0,32,1,11,0,5
Civil-aviation-recommended-subject,io,IOMonitor,0,62,0,0,0,4,0,1,0,1
Civil-aviation-recommended-subject,io,MongoUtils,32,408,3,19,8,90,3,13,0,5
Civil-aviation-recommended-subject,io,CSVFileIO,253,220,32,15,49,46,23,10,4,3
Civil-aviation-recommended-subject,main_system,FPGrowth,92,184,16,10,28,55,10,13,1,9
Civil-aviation-recommended-subject,main_system,Main,5,0,0,0,3,0,2,0,2,0
Civil-aviation-recommended-subject,data_processer,DataConverter,43,199,4,20,9,42,3,13,1,3
Civil-aviation-recommended-subject,data_processer,DataParser,177,154,14,10,38,32,11,10,4,5
Civil-aviation-recommended-subject,api,API,0,7,0,0,0,2,0,1,0,1
